
addLayer(net, layer_t("conv0"       , 32,    32,      3,      32,  5,  2,      1,   0,      0,      0,      0,           0,            1,              0,    3,      3,      9,     9))
addLayer(net, layer_t("conv1"       ,261,      261,      3,      96,  7,
addLayer(net, layer_t("f2s1"        , 64,       64,     96,      16,  1,
addLayer(net, layer_t("f2e1"        , 64,       64,     16,      64,  1,
addLayer(net, layer_t("f2e3"        , 64,       64,     16,      64,  3,
addLayer(net, layer_t("f3s1"        , 64,       64,    128,      16,  1,
addLayer(net, layer_t("f3e1"        , 64,       64,     16,      64,  1,
addLayer(net, layer_t("f3e3"        , 64,       64,     16,      64,  3,
addLayer(net, layer_t("f4s1"        , 64,       64,    128,      32,  1,
addLayer(net, layer_t("f4e1"        , 64,       64,     32,     128,  1,
addLayer(net, layer_t("f4e3"        , 64,       64,     32,     128,  3,
addLayer(net, layer_t("f5s1"        , 32,       32,    256,      32,  1,
addLayer(net, layer_t("f5e1"        , 32,       32,     32,     128,  1,
addLayer(net, layer_t("f5e3"        , 32,       32,     32,     128,  3,
addLayer(net, layer_t("f6s1"        , 32,       32,    256,      48,  1,
addLayer(net, layer_t("f6e1"        , 32,       32,     48,     192,  1,
addLayer(net, layer_t("f6e3"        , 32,       32,     48,     192,  3,
addLayer(net, layer_t("f7s1"        , 32,       32,    384,      48,  1,
addLayer(net, layer_t("f7e1"        , 32,       32,     48,     192,  1,
addLayer(net, layer_t("f7e3"        , 32,       32,     48,     192,  3,
addLayer(net, layer_t("f8s1"        , 32,       32,    384,      64,  1,
addLayer(net, layer_t("f8e1"        , 32,       32,     64,     256,  1,
addLayer(net, layer_t("f8e3"        , 32,       32,     64,     256,  3,
addLayer(net, layer_t("f9s1"        , 16,       16,    512,      64,  1,
addLayer(net, layer_t("f9e1"        , 16,       16,     64,     256,  1,
addLayer(net, layer_t("f9e3"        , 16,       16,     64,     256,  3,
addLayer(net, layer_t("conv10"      , 16,       16,    512,    1000,  1,
    
